Added Component: Designator=*(RB058L)
Added Component: Designator=C11(CAPC1005X55N)
Add component (AddParameter): Name = "Arrow Part Number"; Value = "C0402C829D3GACTU"; VariantName = "[No Variations]"
Add component (AddParameter): Name = "Arrow Price/Stock"; Value = "https://www.arrow.com/en/products/c0402c829d3gactu/kemet-corporation"; VariantName = "[No Variations]"
Add component (AddParameter): Name = "Datasheet Link"; Value = "https://content.kemet.com/datasheets/KEM_C1002_X7R_SMD.pdf"; VariantName = "[No Variations]"
Add component (AddParameter): Name = "Height"; Value = "0.55mm"; VariantName = "[No Variations]"
Add component (AddParameter): Name = "Manufacturer_Name"; Value = "Kemet"; VariantName = "[No Variations]"
Add component (AddParameter): Name = "Manufacturer_Part_Number"; Value = "C0402C829D3GACTU"; VariantName = "[No Variations]"
Add component (AddParameter): Name = "Mouser Part Number"; Value = "80-C0402C829D3G"; VariantName = "[No Variations]"
Add component (AddParameter): Name = "Mouser Price/Stock"; Value = "https://www.mouser.co.uk/ProductDetail/KEMET/C0402C829D3GACTU?qs=ezuqA1hLDjkKgrGbHuNb0A%3D%3D"; VariantName = "[No Variations]"
Added Component: Designator=C12(CAPC1608X90N)
Add component (AddParameter): Name = "Arrow Part Number"; Value = "CC0603KRX7R7BB103"; VariantName = "[No Variations]"
Add component (AddParameter): Name = "Arrow Price/Stock"; Value = "https://www.arrow.com/en/products/cc0603krx7r7bb103/yageo"; VariantName = "[No Variations]"
Add component (AddParameter): Name = "Datasheet Link"; Value = "http://www.yageo.com/documents/recent/UPY-GPHC_X7R_6.3V-to-50V_18.pdf"; VariantName = "[No Variations]"
Add component (AddParameter): Name = "Height"; Value = "0.9mm"; VariantName = "[No Variations]"
Add component (AddParameter): Name = "Manufacturer_Name"; Value = "YAGEO (PHYCOMP)"; VariantName = "[No Variations]"
Add component (AddParameter): Name = "Manufacturer_Part_Number"; Value = "CC0603KRX7R7BB103"; VariantName = "[No Variations]"
Add component (AddParameter): Name = "Mouser Part Number"; Value = "603-CC603KRX7R7BB103"; VariantName = "[No Variations]"
Add component (AddParameter): Name = "Mouser Price/Stock"; Value = "https://www.mouser.co.uk/ProductDetail/Yageo/CC0603KRX7R7BB103?qs=5q%252BqlK8CmJRarFmz5k060w%3D%3D"; VariantName = "[No Variations]"
Added Component: Designator=C13(CAPC1608X90N)
Add component (AddParameter): Name = "Arrow Part Number"; Value = "CC0603KRX7R7BB103"; VariantName = "[No Variations]"
Add component (AddParameter): Name = "Arrow Price/Stock"; Value = "https://www.arrow.com/en/products/cc0603krx7r7bb103/yageo"; VariantName = "[No Variations]"
Add component (AddParameter): Name = "Datasheet Link"; Value = "http://www.yageo.com/documents/recent/UPY-GPHC_X7R_6.3V-to-50V_18.pdf"; VariantName = "[No Variations]"
Add component (AddParameter): Name = "Height"; Value = "0.9mm"; VariantName = "[No Variations]"
Add component (AddParameter): Name = "Manufacturer_Name"; Value = "YAGEO (PHYCOMP)"; VariantName = "[No Variations]"
Add component (AddParameter): Name = "Manufacturer_Part_Number"; Value = "CC0603KRX7R7BB103"; VariantName = "[No Variations]"
Add component (AddParameter): Name = "Mouser Part Number"; Value = "603-CC603KRX7R7BB103"; VariantName = "[No Variations]"
Add component (AddParameter): Name = "Mouser Price/Stock"; Value = "https://www.mouser.co.uk/ProductDetail/Yageo/CC0603KRX7R7BB103?qs=5q%252BqlK8CmJRarFmz5k060w%3D%3D"; VariantName = "[No Variations]"
Added Component: Designator=C14(CAPC1005X55N)
Add component (AddParameter): Name = "Arrow Part Number"; Value = "C0402C829D3GACTU"; VariantName = "[No Variations]"
Add component (AddParameter): Name = "Arrow Price/Stock"; Value = "https://www.arrow.com/en/products/c0402c829d3gactu/kemet-corporation"; VariantName = "[No Variations]"
Add component (AddParameter): Name = "Datasheet Link"; Value = "https://content.kemet.com/datasheets/KEM_C1002_X7R_SMD.pdf"; VariantName = "[No Variations]"
Add component (AddParameter): Name = "Height"; Value = "0.55mm"; VariantName = "[No Variations]"
Add component (AddParameter): Name = "Manufacturer_Name"; Value = "Kemet"; VariantName = "[No Variations]"
Add component (AddParameter): Name = "Manufacturer_Part_Number"; Value = "C0402C829D3GACTU"; VariantName = "[No Variations]"
Add component (AddParameter): Name = "Mouser Part Number"; Value = "80-C0402C829D3G"; VariantName = "[No Variations]"
Add component (AddParameter): Name = "Mouser Price/Stock"; Value = "https://www.mouser.co.uk/ProductDetail/KEMET/C0402C829D3GACTU?qs=ezuqA1hLDjkKgrGbHuNb0A%3D%3D"; VariantName = "[No Variations]"
Added Component: Designator=C15(CAPAEDH107M016A9G)
Added Component: Designator=C16(CAPAEDH107M016A9G)
Added Component: Designator=C17(CAPAEDH107M016A9G)
Added Component: Designator=C18(C1206)
Add component (AddParameter): Name = "LatestRevisionDate"; Value = "29-May-2009"; VariantName = "[No Variations]"
Add component (AddParameter): Name = "LatestRevisionNote"; Value = "IPC-7351 Footprint Added."; VariantName = "[No Variations]"
Add component (AddParameter): Name = "PackageDescription"; Value = "Chip Capacitor"; VariantName = "[No Variations]"
Add component (AddParameter): Name = "PackageReference"; Value = "C1206"; VariantName = "[No Variations]"
Add component (AddParameter): Name = "Published"; Value = "8-Jun-2000"; VariantName = "[No Variations]"
Add component (AddParameter): Name = "Publisher"; Value = "Altium Limited"; VariantName = "[No Variations]"
Add component (AddParameter): Name = "Value"; Value = "47uF"; VariantName = "[No Variations]"
Added Component: Designator=C19(C1206)
Add component (AddParameter): Name = "LatestRevisionDate"; Value = "29-May-2009"; VariantName = "[No Variations]"
Add component (AddParameter): Name = "LatestRevisionNote"; Value = "IPC-7351 Footprint Added."; VariantName = "[No Variations]"
Add component (AddParameter): Name = "PackageDescription"; Value = "Chip Capacitor"; VariantName = "[No Variations]"
Add component (AddParameter): Name = "PackageReference"; Value = "C1206"; VariantName = "[No Variations]"
Add component (AddParameter): Name = "Published"; Value = "8-Jun-2000"; VariantName = "[No Variations]"
Add component (AddParameter): Name = "Publisher"; Value = "Altium Limited"; VariantName = "[No Variations]"
Add component (AddParameter): Name = "Value"; Value = "47uF"; VariantName = "[No Variations]"
Added Component: Designator=C21(CAPC1005X55N)
Add component (AddParameter): Name = "Arrow Part Number"; Value = "C0402C829D3GACTU"; VariantName = "[No Variations]"
Add component (AddParameter): Name = "Arrow Price/Stock"; Value = "https://www.arrow.com/en/products/c0402c829d3gactu/kemet-corporation"; VariantName = "[No Variations]"
Add component (AddParameter): Name = "Datasheet Link"; Value = "https://content.kemet.com/datasheets/KEM_C1002_X7R_SMD.pdf"; VariantName = "[No Variations]"
Add component (AddParameter): Name = "Height"; Value = "0.55mm"; VariantName = "[No Variations]"
Add component (AddParameter): Name = "Manufacturer_Name"; Value = "Kemet"; VariantName = "[No Variations]"
Add component (AddParameter): Name = "Manufacturer_Part_Number"; Value = "C0402C829D3GACTU"; VariantName = "[No Variations]"
Add component (AddParameter): Name = "Mouser Part Number"; Value = "80-C0402C829D3G"; VariantName = "[No Variations]"
Add component (AddParameter): Name = "Mouser Price/Stock"; Value = "https://www.mouser.co.uk/ProductDetail/KEMET/C0402C829D3GACTU?qs=ezuqA1hLDjkKgrGbHuNb0A%3D%3D"; VariantName = "[No Variations]"
Added Component: Designator=C22(CAPC1005X55N)
Add component (AddParameter): Name = "Arrow Part Number"; Value = "C0402C829D3GACTU"; VariantName = "[No Variations]"
Add component (AddParameter): Name = "Arrow Price/Stock"; Value = "https://www.arrow.com/en/products/c0402c829d3gactu/kemet-corporation"; VariantName = "[No Variations]"
Add component (AddParameter): Name = "Datasheet Link"; Value = "https://content.kemet.com/datasheets/KEM_C1002_X7R_SMD.pdf"; VariantName = "[No Variations]"
Add component (AddParameter): Name = "Height"; Value = "0.55mm"; VariantName = "[No Variations]"
Add component (AddParameter): Name = "Manufacturer_Name"; Value = "Kemet"; VariantName = "[No Variations]"
Add component (AddParameter): Name = "Manufacturer_Part_Number"; Value = "C0402C829D3GACTU"; VariantName = "[No Variations]"
Add component (AddParameter): Name = "Mouser Part Number"; Value = "80-C0402C829D3G"; VariantName = "[No Variations]"
Add component (AddParameter): Name = "Mouser Price/Stock"; Value = "https://www.mouser.co.uk/ProductDetail/KEMET/C0402C829D3GACTU?qs=ezuqA1hLDjkKgrGbHuNb0A%3D%3D"; VariantName = "[No Variations]"
Added Component: Designator=C110(CAPC1608X90N)
Add component (AddParameter): Name = "Arrow Part Number"; Value = "CC0603KRX7R7BB103"; VariantName = "[No Variations]"
Add component (AddParameter): Name = "Arrow Price/Stock"; Value = "https://www.arrow.com/en/products/cc0603krx7r7bb103/yageo"; VariantName = "[No Variations]"
Add component (AddParameter): Name = "Datasheet Link"; Value = "http://www.yageo.com/documents/recent/UPY-GPHC_X7R_6.3V-to-50V_18.pdf"; VariantName = "[No Variations]"
Add component (AddParameter): Name = "Height"; Value = "0.9mm"; VariantName = "[No Variations]"
Add component (AddParameter): Name = "Manufacturer_Name"; Value = "YAGEO (PHYCOMP)"; VariantName = "[No Variations]"
Add component (AddParameter): Name = "Manufacturer_Part_Number"; Value = "CC0603KRX7R7BB103"; VariantName = "[No Variations]"
Add component (AddParameter): Name = "Mouser Part Number"; Value = "603-CC603KRX7R7BB103"; VariantName = "[No Variations]"
Add component (AddParameter): Name = "Mouser Price/Stock"; Value = "https://www.mouser.co.uk/ProductDetail/Yageo/CC0603KRX7R7BB103?qs=5q%252BqlK8CmJRarFmz5k060w%3D%3D"; VariantName = "[No Variations]"
Added Component: Designator=C111(CAPC2012X145N)
Add component (AddParameter): Name = "Arrow Part Number"; Value = "GCG21BR71H154KA01K"; VariantName = "[No Variations]"
Add component (AddParameter): Name = "Arrow Price/Stock"; Value = "https://www.arrow.com/en/products/gcg21br71h154ka01k/murata-manufacturing"; VariantName = "[No Variations]"
Add component (AddParameter): Name = "Datasheet Link"; Value = "https://psearch.en.murata.com/capacitor/product/GCG21BR71H154KA01%23.html"; VariantName = "[No Variations]"
Add component (AddParameter): Name = "Height"; Value = "1.45mm"; VariantName = "[No Variations]"
Add component (AddParameter): Name = "Manufacturer_Name"; Value = "Murata Electronics"; VariantName = "[No Variations]"
Add component (AddParameter): Name = "Manufacturer_Part_Number"; Value = "GCG21BR71H154KA01K"; VariantName = "[No Variations]"
Add component (AddParameter): Name = "Mouser Part Number"; Value = "81-GCG21BR71H154KA1K"; VariantName = "[No Variations]"
Add component (AddParameter): Name = "Mouser Price/Stock"; Value = "https://www.mouser.co.uk/ProductDetail/Murata-Electronics/GCG21BR71H154KA01K?qs=QzBtWTOodeWaaJ9cJuc7Gg%3D%3D"; VariantName = "[No Variations]"
Added Component: Designator=C112(CAPC2012X145N)
Add component (AddParameter): Name = "Arrow Part Number"; Value = "GCG21BR71H154KA01K"; VariantName = "[No Variations]"
Add component (AddParameter): Name = "Arrow Price/Stock"; Value = "https://www.arrow.com/en/products/gcg21br71h154ka01k/murata-manufacturing"; VariantName = "[No Variations]"
Add component (AddParameter): Name = "Datasheet Link"; Value = "https://psearch.en.murata.com/capacitor/product/GCG21BR71H154KA01%23.html"; VariantName = "[No Variations]"
Add component (AddParameter): Name = "Height"; Value = "1.45mm"; VariantName = "[No Variations]"
Add component (AddParameter): Name = "Manufacturer_Name"; Value = "Murata Electronics"; VariantName = "[No Variations]"
Add component (AddParameter): Name = "Manufacturer_Part_Number"; Value = "GCG21BR71H154KA01K"; VariantName = "[No Variations]"
Add component (AddParameter): Name = "Mouser Part Number"; Value = "81-GCG21BR71H154KA1K"; VariantName = "[No Variations]"
Add component (AddParameter): Name = "Mouser Price/Stock"; Value = "https://www.mouser.co.uk/ProductDetail/Murata-Electronics/GCG21BR71H154KA01K?qs=QzBtWTOodeWaaJ9cJuc7Gg%3D%3D"; VariantName = "[No Variations]"
Added Component: Designator=C113(CAPC2012X145N)
Add component (AddParameter): Name = "Arrow Part Number"; Value = "GCG21BR71H154KA01K"; VariantName = "[No Variations]"
Add component (AddParameter): Name = "Arrow Price/Stock"; Value = "https://www.arrow.com/en/products/gcg21br71h154ka01k/murata-manufacturing"; VariantName = "[No Variations]"
Add component (AddParameter): Name = "Datasheet Link"; Value = "https://psearch.en.murata.com/capacitor/product/GCG21BR71H154KA01%23.html"; VariantName = "[No Variations]"
Add component (AddParameter): Name = "Height"; Value = "1.45mm"; VariantName = "[No Variations]"
Add component (AddParameter): Name = "Manufacturer_Name"; Value = "Murata Electronics"; VariantName = "[No Variations]"
Add component (AddParameter): Name = "Manufacturer_Part_Number"; Value = "GCG21BR71H154KA01K"; VariantName = "[No Variations]"
Add component (AddParameter): Name = "Mouser Part Number"; Value = "81-GCG21BR71H154KA1K"; VariantName = "[No Variations]"
Add component (AddParameter): Name = "Mouser Price/Stock"; Value = "https://www.mouser.co.uk/ProductDetail/Murata-Electronics/GCG21BR71H154KA01K?qs=QzBtWTOodeWaaJ9cJuc7Gg%3D%3D"; VariantName = "[No Variations]"
Added Component: Designator=C114(CAPC2012X145N)
Add component (AddParameter): Name = "Arrow Part Number"; Value = "GCG21BR71H154KA01K"; VariantName = "[No Variations]"
Add component (AddParameter): Name = "Arrow Price/Stock"; Value = "https://www.arrow.com/en/products/gcg21br71h154ka01k/murata-manufacturing"; VariantName = "[No Variations]"
Add component (AddParameter): Name = "Datasheet Link"; Value = "https://psearch.en.murata.com/capacitor/product/GCG21BR71H154KA01%23.html"; VariantName = "[No Variations]"
Add component (AddParameter): Name = "Height"; Value = "1.45mm"; VariantName = "[No Variations]"
Add component (AddParameter): Name = "Manufacturer_Name"; Value = "Murata Electronics"; VariantName = "[No Variations]"
Add component (AddParameter): Name = "Manufacturer_Part_Number"; Value = "GCG21BR71H154KA01K"; VariantName = "[No Variations]"
Add component (AddParameter): Name = "Mouser Part Number"; Value = "81-GCG21BR71H154KA1K"; VariantName = "[No Variations]"
Add component (AddParameter): Name = "Mouser Price/Stock"; Value = "https://www.mouser.co.uk/ProductDetail/Murata-Electronics/GCG21BR71H154KA01K?qs=QzBtWTOodeWaaJ9cJuc7Gg%3D%3D"; VariantName = "[No Variations]"
Added Component: Designator=C115(CAPC1608X90N)
Add component (AddParameter): Name = "Arrow Part Number"; Value = "CC0603KRX7R7BB103"; VariantName = "[No Variations]"
Add component (AddParameter): Name = "Arrow Price/Stock"; Value = "https://www.arrow.com/en/products/cc0603krx7r7bb103/yageo"; VariantName = "[No Variations]"
Add component (AddParameter): Name = "Datasheet Link"; Value = "http://www.yageo.com/documents/recent/UPY-GPHC_X7R_6.3V-to-50V_18.pdf"; VariantName = "[No Variations]"
Add component (AddParameter): Name = "Height"; Value = "0.9mm"; VariantName = "[No Variations]"
Add component (AddParameter): Name = "Manufacturer_Name"; Value = "YAGEO (PHYCOMP)"; VariantName = "[No Variations]"
Add component (AddParameter): Name = "Manufacturer_Part_Number"; Value = "CC0603KRX7R7BB103"; VariantName = "[No Variations]"
Add component (AddParameter): Name = "Mouser Part Number"; Value = "603-CC603KRX7R7BB103"; VariantName = "[No Variations]"
Add component (AddParameter): Name = "Mouser Price/Stock"; Value = "https://www.mouser.co.uk/ProductDetail/Yageo/CC0603KRX7R7BB103?qs=5q%252BqlK8CmJRarFmz5k060w%3D%3D"; VariantName = "[No Variations]"
Added Component: Designator=C116(CAPC1608X90N)
Add component (AddParameter): Name = "Arrow Part Number"; Value = "CC0603KRX7R7BB103"; VariantName = "[No Variations]"
Add component (AddParameter): Name = "Arrow Price/Stock"; Value = "https://www.arrow.com/en/products/cc0603krx7r7bb103/yageo"; VariantName = "[No Variations]"
Add component (AddParameter): Name = "Datasheet Link"; Value = "http://www.yageo.com/documents/recent/UPY-GPHC_X7R_6.3V-to-50V_18.pdf"; VariantName = "[No Variations]"
Add component (AddParameter): Name = "Height"; Value = "0.9mm"; VariantName = "[No Variations]"
Add component (AddParameter): Name = "Manufacturer_Name"; Value = "YAGEO (PHYCOMP)"; VariantName = "[No Variations]"
Add component (AddParameter): Name = "Manufacturer_Part_Number"; Value = "CC0603KRX7R7BB103"; VariantName = "[No Variations]"
Add component (AddParameter): Name = "Mouser Part Number"; Value = "603-CC603KRX7R7BB103"; VariantName = "[No Variations]"
Add component (AddParameter): Name = "Mouser Price/Stock"; Value = "https://www.mouser.co.uk/ProductDetail/Yageo/CC0603KRX7R7BB103?qs=5q%252BqlK8CmJRarFmz5k060w%3D%3D"; VariantName = "[No Variations]"
Added Component: Designator=C117(CAPC1608X90N)
Add component (AddParameter): Name = "Arrow Part Number"; Value = "CC0603KRX7R7BB103"; VariantName = "[No Variations]"
Add component (AddParameter): Name = "Arrow Price/Stock"; Value = "https://www.arrow.com/en/products/cc0603krx7r7bb103/yageo"; VariantName = "[No Variations]"
Add component (AddParameter): Name = "Datasheet Link"; Value = "http://www.yageo.com/documents/recent/UPY-GPHC_X7R_6.3V-to-50V_18.pdf"; VariantName = "[No Variations]"
Add component (AddParameter): Name = "Height"; Value = "0.9mm"; VariantName = "[No Variations]"
Add component (AddParameter): Name = "Manufacturer_Name"; Value = "YAGEO (PHYCOMP)"; VariantName = "[No Variations]"
Add component (AddParameter): Name = "Manufacturer_Part_Number"; Value = "CC0603KRX7R7BB103"; VariantName = "[No Variations]"
Add component (AddParameter): Name = "Mouser Part Number"; Value = "603-CC603KRX7R7BB103"; VariantName = "[No Variations]"
Add component (AddParameter): Name = "Mouser Price/Stock"; Value = "https://www.mouser.co.uk/ProductDetail/Yageo/CC0603KRX7R7BB103?qs=5q%252BqlK8CmJRarFmz5k060w%3D%3D"; VariantName = "[No Variations]"
Added Component: Designator=C11112(CAPC1005X55N)
Add component (AddParameter): Name = "Arrow Part Number"; Value = "C0402C829D3GACTU"; VariantName = "[No Variations]"
Add component (AddParameter): Name = "Arrow Price/Stock"; Value = "https://www.arrow.com/en/products/c0402c829d3gactu/kemet-corporation"; VariantName = "[No Variations]"
Add component (AddParameter): Name = "Datasheet Link"; Value = "https://content.kemet.com/datasheets/KEM_C1002_X7R_SMD.pdf"; VariantName = "[No Variations]"
Add component (AddParameter): Name = "Height"; Value = "0.55mm"; VariantName = "[No Variations]"
Add component (AddParameter): Name = "Manufacturer_Name"; Value = "Kemet"; VariantName = "[No Variations]"
Add component (AddParameter): Name = "Manufacturer_Part_Number"; Value = "C0402C829D3GACTU"; VariantName = "[No Variations]"
Add component (AddParameter): Name = "Mouser Part Number"; Value = "80-C0402C829D3G"; VariantName = "[No Variations]"
Add component (AddParameter): Name = "Mouser Price/Stock"; Value = "https://www.mouser.co.uk/ProductDetail/KEMET/C0402C829D3GACTU?qs=ezuqA1hLDjkKgrGbHuNb0A%3D%3D"; VariantName = "[No Variations]"
Added Component: Designator=C21112(CAPC1608X90N)
Add component (AddParameter): Name = "Arrow Part Number"; Value = "CC0603KRX7R7BB103"; VariantName = "[No Variations]"
Add component (AddParameter): Name = "Arrow Price/Stock"; Value = "https://www.arrow.com/en/products/cc0603krx7r7bb103/yageo"; VariantName = "[No Variations]"
Add component (AddParameter): Name = "Datasheet Link"; Value = "http://www.yageo.com/documents/recent/UPY-GPHC_X7R_6.3V-to-50V_18.pdf"; VariantName = "[No Variations]"
Add component (AddParameter): Name = "Height"; Value = "0.9mm"; VariantName = "[No Variations]"
Add component (AddParameter): Name = "Manufacturer_Name"; Value = "YAGEO (PHYCOMP)"; VariantName = "[No Variations]"
Add component (AddParameter): Name = "Manufacturer_Part_Number"; Value = "CC0603KRX7R7BB103"; VariantName = "[No Variations]"
Add component (AddParameter): Name = "Mouser Part Number"; Value = "603-CC603KRX7R7BB103"; VariantName = "[No Variations]"
Add component (AddParameter): Name = "Mouser Price/Stock"; Value = "https://www.mouser.co.uk/ProductDetail/Yageo/CC0603KRX7R7BB103?qs=5q%252BqlK8CmJRarFmz5k060w%3D%3D"; VariantName = "[No Variations]"
Added Component: Designator=D11(RB058L)
Added Component: Designator=D21(SODFL3718X140N)
Add component (AddParameter): Name = "Arrow Part Number"; Value = ""; VariantName = "[No Variations]"
Add component (AddParameter): Name = "Arrow Price/Stock"; Value = ""; VariantName = "[No Variations]"
Add component (AddParameter): Name = "Datasheet Link"; Value = "http://www.smc-diodes.com/propdf/1N4001FL-1N4007FL%20N1646%20REV.A.pdf"; VariantName = "[No Variations]"
Add component (AddParameter): Name = "Height"; Value = "1.4mm"; VariantName = "[No Variations]"
Add component (AddParameter): Name = "Manufacturer_Name"; Value = "SMC"; VariantName = "[No Variations]"
Add component (AddParameter): Name = "Manufacturer_Part_Number"; Value = "1N4007FLTR"; VariantName = "[No Variations]"
Add component (AddParameter): Name = "Mouser Part Number"; Value = ""; VariantName = "[No Variations]"
Add component (AddParameter): Name = "Mouser Price/Stock"; Value = ""; VariantName = "[No Variations]"
Added Component: Designator=D22(SODFL3718X140N)
Add component (AddParameter): Name = "Arrow Part Number"; Value = ""; VariantName = "[No Variations]"
Add component (AddParameter): Name = "Arrow Price/Stock"; Value = ""; VariantName = "[No Variations]"
Add component (AddParameter): Name = "Datasheet Link"; Value = "http://www.smc-diodes.com/propdf/1N4001FL-1N4007FL%20N1646%20REV.A.pdf"; VariantName = "[No Variations]"
Add component (AddParameter): Name = "Height"; Value = "1.4mm"; VariantName = "[No Variations]"
Add component (AddParameter): Name = "Manufacturer_Name"; Value = "SMC"; VariantName = "[No Variations]"
Add component (AddParameter): Name = "Manufacturer_Part_Number"; Value = "1N4007FLTR"; VariantName = "[No Variations]"
Add component (AddParameter): Name = "Mouser Part Number"; Value = ""; VariantName = "[No Variations]"
Add component (AddParameter): Name = "Mouser Price/Stock"; Value = ""; VariantName = "[No Variations]"
Added Component: Designator=D_out(FSV1045V)
Add component (AddParameter): Name = "Arrow Part Number"; Value = "FSV12100V"; VariantName = "[No Variations]"
Add component (AddParameter): Name = "Arrow Price/Stock"; Value = "https://www.arrow.com/en/products/fsv12100v/on-semiconductor?region=nac"; VariantName = "[No Variations]"
Add component (AddParameter): Name = "Datasheet Link"; Value = "https://www.onsemi.com/pub/Collateral/FSV12100V-D.PDF"; VariantName = "[No Variations]"
Add component (AddParameter): Name = "Height"; Value = "1.2mm"; VariantName = "[No Variations]"
Add component (AddParameter): Name = "Manufacturer_Name"; Value = "ON Semiconductor"; VariantName = "[No Variations]"
Add component (AddParameter): Name = "Manufacturer_Part_Number"; Value = "FSV12100V"; VariantName = "[No Variations]"
Add component (AddParameter): Name = "Mouser Part Number"; Value = "512-FSV12100V"; VariantName = "[No Variations]"
Add component (AddParameter): Name = "Mouser Price/Stock"; Value = "https://www.mouser.co.uk/ProductDetail/ON-Semiconductor-Fairchild/FSV12100V?qs=8Nc07tNByyHxUYQ9xyerWQ%3D%3D"; VariantName = "[No Variations]"
Added Component: Designator=IC1(TSOP65P640X120-20N)
Added Component: Designator=IC21(SOT95P280X110-6N)
Add component (AddParameter): Name = "Arrow Part Number"; Value = "LMH6618MK/NOPB"; VariantName = "[No Variations]"
Add component (AddParameter): Name = "Arrow Price/Stock"; Value = "https://www.arrow.com/en/products/lmh6618mknopb/texas-instruments?region=nac"; VariantName = "[No Variations]"
Add component (AddParameter): Name = "Datasheet Link"; Value = "http://www.ti.com/lit/ds/symlink/lmh6618.pdf"; VariantName = "[No Variations]"
Add component (AddParameter): Name = "Height"; Value = "1.1mm"; VariantName = "[No Variations]"
Add component (AddParameter): Name = "Manufacturer_Name"; Value = "Texas Instruments"; VariantName = "[No Variations]"
Add component (AddParameter): Name = "Manufacturer_Part_Number"; Value = "LMH6618MK/NOPB"; VariantName = "[No Variations]"
Add component (AddParameter): Name = "Mouser Part Number"; Value = "926-LMH6618MK/NOPB"; VariantName = "[No Variations]"
Add component (AddParameter): Name = "Mouser Price/Stock"; Value = "https://www.mouser.co.uk/ProductDetail/Texas-Instruments/LMH6618MK-NOPB?qs=7lkVKPoqpbaHKIKeeUkpDw%3D%3D"; VariantName = "[No Variations]"
Added Component: Designator=IC22(SOT95P237X112-3N)
Add component (AddParameter): Name = "Arrow Part Number"; Value = ""; VariantName = "[No Variations]"
Add component (AddParameter): Name = "Arrow Price/Stock"; Value = ""; VariantName = "[No Variations]"
Add component (AddParameter): Name = "Datasheet Link"; Value = "https://pdfserv.maximintegrated.com/en/ds/LM4041.pdf"; VariantName = "[No Variations]"
Add component (AddParameter): Name = "Height"; Value = "1.12mm"; VariantName = "[No Variations]"
Add component (AddParameter): Name = "Manufacturer_Name"; Value = "Maxim Integrated"; VariantName = "[No Variations]"
Add component (AddParameter): Name = "Manufacturer_Part_Number"; Value = "LM4041CIM3-1.2+T"; VariantName = "[No Variations]"
Add component (AddParameter): Name = "Mouser Part Number"; Value = "700-LM4041CIM3-1.2T"; VariantName = "[No Variations]"
Add component (AddParameter): Name = "Mouser Price/Stock"; Value = "https://www.mouser.co.uk/ProductDetail/Maxim-Integrated/LM4041CIM3-12%2bT?qs=GxOUx7aO6nzSYD%252Bwc9k7xw%3D%3D"; VariantName = "[No Variations]"
Added Component: Designator=NMOS1(DPAK228P994X241-3N)
Added Component: Designator=PS21(LMZM23600SILT)
Add component (AddParameter): Name = "Arrow Part Number"; Value = "LMZM23600V5SILT"; VariantName = "[No Variations]"
Add component (AddParameter): Name = "Arrow Price/Stock"; Value = "https://www.arrow.com/en/products/lmzm23600v5silt/texas-instruments?region=nac"; VariantName = "[No Variations]"
Add component (AddParameter): Name = "Datasheet Link"; Value = "https://componentsearchengine.com/Datasheets/2/LMZM23600V5SILT.pdf"; VariantName = "[No Variations]"
Add component (AddParameter): Name = "Height"; Value = "1.578mm"; VariantName = "[No Variations]"
Add component (AddParameter): Name = "Manufacturer_Name"; Value = "Texas Instruments"; VariantName = "[No Variations]"
Add component (AddParameter): Name = "Manufacturer_Part_Number"; Value = "LMZM23600V5SILT"; VariantName = "[No Variations]"
Add component (AddParameter): Name = "Mouser Part Number"; Value = "595-LMZM23600V5SILT"; VariantName = "[No Variations]"
Add component (AddParameter): Name = "Mouser Price/Stock"; Value = "https://www.mouser.co.uk/ProductDetail/Texas-Instruments/LMZM23600V5SILT?qs=55YtniHzbhCr0j8%2FvNPzJg%3D%3D"; VariantName = "[No Variations]"
Added Component: Designator=Q21(SOTFL35P100X50-6N)
Add component (AddParameter): Name = "Arrow Part Number"; Value = "DMN26D0UDJ-7"; VariantName = "[No Variations]"
Add component (AddParameter): Name = "Arrow Price/Stock"; Value = "https://www.arrow.com/en/products/dmn26d0udj-7/diodes-incorporated?region=nac"; VariantName = "[No Variations]"
Add component (AddParameter): Name = "Datasheet Link"; Value = "https://www.diodes.com/assets/Datasheets/ds31481.pdf"; VariantName = "[No Variations]"
Add component (AddParameter): Name = "Height"; Value = "0.5mm"; VariantName = "[No Variations]"
Add component (AddParameter): Name = "Manufacturer_Name"; Value = "Diodes Inc."; VariantName = "[No Variations]"
Add component (AddParameter): Name = "Manufacturer_Part_Number"; Value = "DMN26D0UDJ-7"; VariantName = "[No Variations]"
Add component (AddParameter): Name = "Mouser Part Number"; Value = "621-DMN26D0UDJ-7"; VariantName = "[No Variations]"
Add component (AddParameter): Name = "Mouser Price/Stock"; Value = "https://www.mouser.co.uk/ProductDetail/Diodes-Incorporated/DMN26D0UDJ-7?qs=VJbqQHImxEwYAK9Ioc59og%3D%3D"; VariantName = "[No Variations]"
Added Component: Designator=R11(ERJ2RKD1004X)
Add component (AddParameter): Name = "Arrow Part Number"; Value = ""; VariantName = "[No Variations]"
Add component (AddParameter): Name = "Arrow Price/Stock"; Value = ""; VariantName = "[No Variations]"
Add component (AddParameter): Name = "Datasheet Link"; Value = "http://docs-europe.electrocomponents.com/webdocs/13ba/0900766b813ba21b.pdf"; VariantName = "[No Variations]"
Add component (AddParameter): Name = "Height"; Value = "0.4mm"; VariantName = "[No Variations]"
Add component (AddParameter): Name = "Manufacturer_Name"; Value = "Panasonic"; VariantName = "[No Variations]"
Add component (AddParameter): Name = "Manufacturer_Part_Number"; Value = "ERJ2RKF4023X"; VariantName = "[No Variations]"
Add component (AddParameter): Name = "Mouser Part Number"; Value = ""; VariantName = "[No Variations]"
Add component (AddParameter): Name = "Mouser Price/Stock"; Value = ""; VariantName = "[No Variations]"
Added Component: Designator=R12(ERJ2RKD1004X)
Add component (AddParameter): Name = "Arrow Part Number"; Value = ""; VariantName = "[No Variations]"
Add component (AddParameter): Name = "Arrow Price/Stock"; Value = ""; VariantName = "[No Variations]"
Add component (AddParameter): Name = "Datasheet Link"; Value = "http://docs-europe.electrocomponents.com/webdocs/13ba/0900766b813ba21b.pdf"; VariantName = "[No Variations]"
Add component (AddParameter): Name = "Height"; Value = "0.4mm"; VariantName = "[No Variations]"
Add component (AddParameter): Name = "Manufacturer_Name"; Value = "Panasonic"; VariantName = "[No Variations]"
Add component (AddParameter): Name = "Manufacturer_Part_Number"; Value = "ERJ2RKF4023X"; VariantName = "[No Variations]"
Add component (AddParameter): Name = "Mouser Part Number"; Value = ""; VariantName = "[No Variations]"
Add component (AddParameter): Name = "Mouser Price/Stock"; Value = ""; VariantName = "[No Variations]"
Added Component: Designator=R13(ERJ2RKD1004X)
Add component (AddParameter): Name = "Arrow Part Number"; Value = ""; VariantName = "[No Variations]"
Add component (AddParameter): Name = "Arrow Price/Stock"; Value = ""; VariantName = "[No Variations]"
Add component (AddParameter): Name = "Datasheet Link"; Value = "http://docs-europe.electrocomponents.com/webdocs/13ba/0900766b813ba21b.pdf"; VariantName = "[No Variations]"
Add component (AddParameter): Name = "Height"; Value = "0.4mm"; VariantName = "[No Variations]"
Add component (AddParameter): Name = "Manufacturer_Name"; Value = "Panasonic"; VariantName = "[No Variations]"
Add component (AddParameter): Name = "Manufacturer_Part_Number"; Value = "ERJ2RKF4023X"; VariantName = "[No Variations]"
Add component (AddParameter): Name = "Mouser Part Number"; Value = ""; VariantName = "[No Variations]"
Add component (AddParameter): Name = "Mouser Price/Stock"; Value = ""; VariantName = "[No Variations]"
Added Component: Designator=R14(ERJ2RKD1004X)
Add component (AddParameter): Name = "Arrow Part Number"; Value = ""; VariantName = "[No Variations]"
Add component (AddParameter): Name = "Arrow Price/Stock"; Value = ""; VariantName = "[No Variations]"
Add component (AddParameter): Name = "Datasheet Link"; Value = "http://docs-europe.electrocomponents.com/webdocs/13ba/0900766b813ba21b.pdf"; VariantName = "[No Variations]"
Add component (AddParameter): Name = "Height"; Value = "0.4mm"; VariantName = "[No Variations]"
Add component (AddParameter): Name = "Manufacturer_Name"; Value = "Panasonic"; VariantName = "[No Variations]"
Add component (AddParameter): Name = "Manufacturer_Part_Number"; Value = "ERJ2RKF4023X"; VariantName = "[No Variations]"
Add component (AddParameter): Name = "Mouser Part Number"; Value = ""; VariantName = "[No Variations]"
Add component (AddParameter): Name = "Mouser Price/Stock"; Value = ""; VariantName = "[No Variations]"
Added Component: Designator=R15(ERJ2RKD1004X)
Add component (AddParameter): Name = "Arrow Part Number"; Value = ""; VariantName = "[No Variations]"
Add component (AddParameter): Name = "Arrow Price/Stock"; Value = ""; VariantName = "[No Variations]"
Add component (AddParameter): Name = "Datasheet Link"; Value = "http://docs-europe.electrocomponents.com/webdocs/13ba/0900766b813ba21b.pdf"; VariantName = "[No Variations]"
Add component (AddParameter): Name = "Height"; Value = "0.4mm"; VariantName = "[No Variations]"
Add component (AddParameter): Name = "Manufacturer_Name"; Value = "Panasonic"; VariantName = "[No Variations]"
Add component (AddParameter): Name = "Manufacturer_Part_Number"; Value = "ERJ2RKF4023X"; VariantName = "[No Variations]"
Add component (AddParameter): Name = "Mouser Part Number"; Value = ""; VariantName = "[No Variations]"
Add component (AddParameter): Name = "Mouser Price/Stock"; Value = ""; VariantName = "[No Variations]"
Added Component: Designator=R16(ERJ2RKD1004X)
Add component (AddParameter): Name = "Arrow Part Number"; Value = ""; VariantName = "[No Variations]"
Add component (AddParameter): Name = "Arrow Price/Stock"; Value = ""; VariantName = "[No Variations]"
Add component (AddParameter): Name = "Datasheet Link"; Value = "http://docs-europe.electrocomponents.com/webdocs/13ba/0900766b813ba21b.pdf"; VariantName = "[No Variations]"
Add component (AddParameter): Name = "Height"; Value = "0.4mm"; VariantName = "[No Variations]"
Add component (AddParameter): Name = "Manufacturer_Name"; Value = "Panasonic"; VariantName = "[No Variations]"
Add component (AddParameter): Name = "Manufacturer_Part_Number"; Value = "ERJ2RKF4023X"; VariantName = "[No Variations]"
Add component (AddParameter): Name = "Mouser Part Number"; Value = ""; VariantName = "[No Variations]"
Add component (AddParameter): Name = "Mouser Price/Stock"; Value = ""; VariantName = "[No Variations]"
Added Component: Designator=R21(ERJ2RKD1004X)
Add component (AddParameter): Name = "Arrow Part Number"; Value = ""; VariantName = "[No Variations]"
Add component (AddParameter): Name = "Arrow Price/Stock"; Value = ""; VariantName = "[No Variations]"
Add component (AddParameter): Name = "Datasheet Link"; Value = "http://docs-europe.electrocomponents.com/webdocs/13ba/0900766b813ba21b.pdf"; VariantName = "[No Variations]"
Add component (AddParameter): Name = "Height"; Value = "0.4mm"; VariantName = "[No Variations]"
Add component (AddParameter): Name = "Manufacturer_Name"; Value = "Panasonic"; VariantName = "[No Variations]"
Add component (AddParameter): Name = "Manufacturer_Part_Number"; Value = "ERJ2RKF4023X"; VariantName = "[No Variations]"
Add component (AddParameter): Name = "Mouser Part Number"; Value = ""; VariantName = "[No Variations]"
Add component (AddParameter): Name = "Mouser Price/Stock"; Value = ""; VariantName = "[No Variations]"
Added Component: Designator=R22(ERJ2RKD1004X)
Add component (AddParameter): Name = "Arrow Part Number"; Value = ""; VariantName = "[No Variations]"
Add component (AddParameter): Name = "Arrow Price/Stock"; Value = ""; VariantName = "[No Variations]"
Add component (AddParameter): Name = "Datasheet Link"; Value = "http://docs-europe.electrocomponents.com/webdocs/13ba/0900766b813ba21b.pdf"; VariantName = "[No Variations]"
Add component (AddParameter): Name = "Height"; Value = "0.4mm"; VariantName = "[No Variations]"
Add component (AddParameter): Name = "Manufacturer_Name"; Value = "Panasonic"; VariantName = "[No Variations]"
Add component (AddParameter): Name = "Manufacturer_Part_Number"; Value = "ERJ2RKF4023X"; VariantName = "[No Variations]"
Add component (AddParameter): Name = "Mouser Part Number"; Value = ""; VariantName = "[No Variations]"
Add component (AddParameter): Name = "Mouser Price/Stock"; Value = ""; VariantName = "[No Variations]"
Added Component: Designator=R23(ERJ2RKD1004X)
Add component (AddParameter): Name = "Arrow Part Number"; Value = ""; VariantName = "[No Variations]"
Add component (AddParameter): Name = "Arrow Price/Stock"; Value = ""; VariantName = "[No Variations]"
Add component (AddParameter): Name = "Datasheet Link"; Value = "http://docs-europe.electrocomponents.com/webdocs/13ba/0900766b813ba21b.pdf"; VariantName = "[No Variations]"
Add component (AddParameter): Name = "Height"; Value = "0.4mm"; VariantName = "[No Variations]"
Add component (AddParameter): Name = "Manufacturer_Name"; Value = "Panasonic"; VariantName = "[No Variations]"
Add component (AddParameter): Name = "Manufacturer_Part_Number"; Value = "ERJ2RKF4023X"; VariantName = "[No Variations]"
Add component (AddParameter): Name = "Mouser Part Number"; Value = ""; VariantName = "[No Variations]"
Add component (AddParameter): Name = "Mouser Price/Stock"; Value = ""; VariantName = "[No Variations]"
Added Component: Designator=R24(ERJ2RKD1004X)
Add component (AddParameter): Name = "Arrow Part Number"; Value = ""; VariantName = "[No Variations]"
Add component (AddParameter): Name = "Arrow Price/Stock"; Value = ""; VariantName = "[No Variations]"
Add component (AddParameter): Name = "Datasheet Link"; Value = "http://docs-europe.electrocomponents.com/webdocs/13ba/0900766b813ba21b.pdf"; VariantName = "[No Variations]"
Add component (AddParameter): Name = "Height"; Value = "0.4mm"; VariantName = "[No Variations]"
Add component (AddParameter): Name = "Manufacturer_Name"; Value = "Panasonic"; VariantName = "[No Variations]"
Add component (AddParameter): Name = "Manufacturer_Part_Number"; Value = "ERJ2RKF4023X"; VariantName = "[No Variations]"
Add component (AddParameter): Name = "Mouser Part Number"; Value = ""; VariantName = "[No Variations]"
Add component (AddParameter): Name = "Mouser Price/Stock"; Value = ""; VariantName = "[No Variations]"
Added Component: Designator=R25(ERJ2RKD1004X)
Add component (AddParameter): Name = "Arrow Part Number"; Value = ""; VariantName = "[No Variations]"
Add component (AddParameter): Name = "Arrow Price/Stock"; Value = ""; VariantName = "[No Variations]"
Add component (AddParameter): Name = "Datasheet Link"; Value = "http://docs-europe.electrocomponents.com/webdocs/13ba/0900766b813ba21b.pdf"; VariantName = "[No Variations]"
Add component (AddParameter): Name = "Height"; Value = "0.4mm"; VariantName = "[No Variations]"
Add component (AddParameter): Name = "Manufacturer_Name"; Value = "Panasonic"; VariantName = "[No Variations]"
Add component (AddParameter): Name = "Manufacturer_Part_Number"; Value = "ERJ2RKF4023X"; VariantName = "[No Variations]"
Add component (AddParameter): Name = "Mouser Part Number"; Value = ""; VariantName = "[No Variations]"
Add component (AddParameter): Name = "Mouser Price/Stock"; Value = ""; VariantName = "[No Variations]"
Added Component: Designator=R26(ERJ2RKD1004X)
Add component (AddParameter): Name = "Arrow Part Number"; Value = ""; VariantName = "[No Variations]"
Add component (AddParameter): Name = "Arrow Price/Stock"; Value = ""; VariantName = "[No Variations]"
Add component (AddParameter): Name = "Datasheet Link"; Value = "http://docs-europe.electrocomponents.com/webdocs/13ba/0900766b813ba21b.pdf"; VariantName = "[No Variations]"
Add component (AddParameter): Name = "Height"; Value = "0.4mm"; VariantName = "[No Variations]"
Add component (AddParameter): Name = "Manufacturer_Name"; Value = "Panasonic"; VariantName = "[No Variations]"
Add component (AddParameter): Name = "Manufacturer_Part_Number"; Value = "ERJ2RKF4023X"; VariantName = "[No Variations]"
Add component (AddParameter): Name = "Mouser Part Number"; Value = ""; VariantName = "[No Variations]"
Add component (AddParameter): Name = "Mouser Price/Stock"; Value = ""; VariantName = "[No Variations]"
Added Component: Designator=R27(ERJ2RKD1004X)
Add component (AddParameter): Name = "Arrow Part Number"; Value = ""; VariantName = "[No Variations]"
Add component (AddParameter): Name = "Arrow Price/Stock"; Value = ""; VariantName = "[No Variations]"
Add component (AddParameter): Name = "Datasheet Link"; Value = "http://docs-europe.electrocomponents.com/webdocs/13ba/0900766b813ba21b.pdf"; VariantName = "[No Variations]"
Add component (AddParameter): Name = "Height"; Value = "0.4mm"; VariantName = "[No Variations]"
Add component (AddParameter): Name = "Manufacturer_Name"; Value = "Panasonic"; VariantName = "[No Variations]"
Add component (AddParameter): Name = "Manufacturer_Part_Number"; Value = "ERJ2RKF4023X"; VariantName = "[No Variations]"
Add component (AddParameter): Name = "Mouser Part Number"; Value = ""; VariantName = "[No Variations]"
Add component (AddParameter): Name = "Mouser Price/Stock"; Value = ""; VariantName = "[No Variations]"
Added Component: Designator=R28(ERJ2RKD1004X)
Add component (AddParameter): Name = "Arrow Part Number"; Value = ""; VariantName = "[No Variations]"
Add component (AddParameter): Name = "Arrow Price/Stock"; Value = ""; VariantName = "[No Variations]"
Add component (AddParameter): Name = "Datasheet Link"; Value = "http://docs-europe.electrocomponents.com/webdocs/13ba/0900766b813ba21b.pdf"; VariantName = "[No Variations]"
Add component (AddParameter): Name = "Height"; Value = "0.4mm"; VariantName = "[No Variations]"
Add component (AddParameter): Name = "Manufacturer_Name"; Value = "Panasonic"; VariantName = "[No Variations]"
Add component (AddParameter): Name = "Manufacturer_Part_Number"; Value = "ERJ2RKF4023X"; VariantName = "[No Variations]"
Add component (AddParameter): Name = "Mouser Part Number"; Value = ""; VariantName = "[No Variations]"
Add component (AddParameter): Name = "Mouser Price/Stock"; Value = ""; VariantName = "[No Variations]"
Added Component: Designator=R29(ERJ2RKD1004X)
Add component (AddParameter): Name = "Arrow Part Number"; Value = ""; VariantName = "[No Variations]"
Add component (AddParameter): Name = "Arrow Price/Stock"; Value = ""; VariantName = "[No Variations]"
Add component (AddParameter): Name = "Datasheet Link"; Value = "http://docs-europe.electrocomponents.com/webdocs/13ba/0900766b813ba21b.pdf"; VariantName = "[No Variations]"
Add component (AddParameter): Name = "Height"; Value = "0.4mm"; VariantName = "[No Variations]"
Add component (AddParameter): Name = "Manufacturer_Name"; Value = "Panasonic"; VariantName = "[No Variations]"
Add component (AddParameter): Name = "Manufacturer_Part_Number"; Value = "ERJ2RKF4023X"; VariantName = "[No Variations]"
Add component (AddParameter): Name = "Mouser Part Number"; Value = ""; VariantName = "[No Variations]"
Add component (AddParameter): Name = "Mouser Price/Stock"; Value = ""; VariantName = "[No Variations]"
Added Component: Designator=R210(ERJ2RKD1004X)
Add component (AddParameter): Name = "Arrow Part Number"; Value = ""; VariantName = "[No Variations]"
Add component (AddParameter): Name = "Arrow Price/Stock"; Value = ""; VariantName = "[No Variations]"
Add component (AddParameter): Name = "Datasheet Link"; Value = "http://docs-europe.electrocomponents.com/webdocs/13ba/0900766b813ba21b.pdf"; VariantName = "[No Variations]"
Add component (AddParameter): Name = "Height"; Value = "0.4mm"; VariantName = "[No Variations]"
Add component (AddParameter): Name = "Manufacturer_Name"; Value = "Panasonic"; VariantName = "[No Variations]"
Add component (AddParameter): Name = "Manufacturer_Part_Number"; Value = "ERJ2RKF4023X"; VariantName = "[No Variations]"
Add component (AddParameter): Name = "Mouser Part Number"; Value = ""; VariantName = "[No Variations]"
Add component (AddParameter): Name = "Mouser Price/Stock"; Value = ""; VariantName = "[No Variations]"
Added Component: Designator=R1111(RESC2012X50N)
Add component (AddParameter): Name = "Arrow Part Number"; Value = "CRCW0805160RFKEA"; VariantName = "[No Variations]"
Add component (AddParameter): Name = "Arrow Price/Stock"; Value = "https://www.arrow.com/en/products/crcw0805160rfkea/vishay"; VariantName = "[No Variations]"
Add component (AddParameter): Name = "Datasheet Link"; Value = "http://www.vishay.com/docs/20035/dcrcwe3.pdf"; VariantName = "[No Variations]"
Add component (AddParameter): Name = "Height"; Value = "0.5mm"; VariantName = "[No Variations]"
Add component (AddParameter): Name = "Manufacturer_Name"; Value = "Vishay"; VariantName = "[No Variations]"
Add component (AddParameter): Name = "Manufacturer_Part_Number"; Value = "CRCW0805160RFKEA"; VariantName = "[No Variations]"
Add component (AddParameter): Name = "Mouser Part Number"; Value = "71-CRCW0805160RFKEA"; VariantName = "[No Variations]"
Add component (AddParameter): Name = "Mouser Price/Stock"; Value = "https://www.mouser.co.uk/ProductDetail/Vishay-Dale/CRCW0805160RFKEA?qs=bMjB6bAaLENAK7tiR9oJIA%3D%3D"; VariantName = "[No Variations]"
Added Component: Designator=R1112(ERJ2RKD1004X)
Add component (AddParameter): Name = "Arrow Part Number"; Value = ""; VariantName = "[No Variations]"
Add component (AddParameter): Name = "Arrow Price/Stock"; Value = ""; VariantName = "[No Variations]"
Add component (AddParameter): Name = "Datasheet Link"; Value = "http://docs-europe.electrocomponents.com/webdocs/13ba/0900766b813ba21b.pdf"; VariantName = "[No Variations]"
Add component (AddParameter): Name = "Height"; Value = "0.4mm"; VariantName = "[No Variations]"
Add component (AddParameter): Name = "Manufacturer_Name"; Value = "Panasonic"; VariantName = "[No Variations]"
Add component (AddParameter): Name = "Manufacturer_Part_Number"; Value = "ERJ2RKF4023X"; VariantName = "[No Variations]"
Add component (AddParameter): Name = "Mouser Part Number"; Value = ""; VariantName = "[No Variations]"
Add component (AddParameter): Name = "Mouser Price/Stock"; Value = ""; VariantName = "[No Variations]"
Added Component: Designator=Rsens2(RESC1632X68N)
Add component (AddParameter): Name = "Arrow Part Number"; Value = ""; VariantName = "[No Variations]"
Add component (AddParameter): Name = "Arrow Price/Stock"; Value = ""; VariantName = "[No Variations]"
Add component (AddParameter): Name = "Datasheet Link"; Value = "https://componentsearchengine.com/Datasheets/1/LTR18EZPFLR100.pdf"; VariantName = "[No Variations]"
Add component (AddParameter): Name = "Height"; Value = "0.68mm"; VariantName = "[No Variations]"
Add component (AddParameter): Name = "Manufacturer_Name"; Value = "ROHM Semiconductor"; VariantName = "[No Variations]"
Add component (AddParameter): Name = "Manufacturer_Part_Number"; Value = "LTR18EZPFLR100"; VariantName = "[No Variations]"
Add component (AddParameter): Name = "Mouser Part Number"; Value = "755-LTR18EZPFLR100"; VariantName = "[No Variations]"
Add component (AddParameter): Name = "Mouser Price/Stock"; Value = "https://www.mouser.co.uk/ProductDetail/ROHM-Semiconductor/LTR18EZPFLR100?qs=493kPxzlxfIvjOOFIGs2zg%3D%3D"; VariantName = "[No Variations]"
Added Component: Designator=Rsens(RESC6332X65N)
Add component (AddParameter): Name = "Arrow Part Number"; Value = "3521470RFT"; VariantName = "[No Variations]"
Add component (AddParameter): Name = "Arrow Price/Stock"; Value = "https://www.arrow.com/en/products/3521470rft/te-connectivity"; VariantName = "[No Variations]"
Add component (AddParameter): Name = "Datasheet Link"; Value = "http://docs-emea.rs-online.com/webdocs/1096/0900766b81096b90.pdf"; VariantName = "[No Variations]"
Add component (AddParameter): Name = "Height"; Value = "0.65mm"; VariantName = "[No Variations]"
Add component (AddParameter): Name = "Manufacturer_Name"; Value = "TE Connectivity"; VariantName = "[No Variations]"
Add component (AddParameter): Name = "Manufacturer_Part_Number"; Value = "3521470RFT"; VariantName = "[No Variations]"
Add component (AddParameter): Name = "Mouser Part Number"; Value = "279-3521470RFT"; VariantName = "[No Variations]"
Add component (AddParameter): Name = "Mouser Price/Stock"; Value = "https://www.mouser.com/Search/Refine.aspx?Keyword=279-3521470RFT"; VariantName = "[No Variations]"
Added Component: Designator=TR?(PCBComponent_1)
Added Component: Designator=U21(SOT95P245X110-5N)
Added Pin To Net: NetName=1.225V Pin=R23-1
Added Pin To Net: NetName=1.225V Pin=IC21-4
Added Pin To Net: NetName=1.225V Pin=IC22-1
Added Net: Name=1.225V
Added Pin To Net: NetName=5V Pin=PS21-6
Added Pin To Net: NetName=5V Pin=Q21-3
Added Pin To Net: NetName=5V Pin=Q21-6
Added Pin To Net: NetName=5V Pin=R23-2
Added Pin To Net: NetName=5V Pin=IC21-6
Added Net: Name=5V
Added Pin To Net: NetName=GND_out Pin=C21-2
Added Pin To Net: NetName=GND_out Pin=C22-2
Added Pin To Net: NetName=GND_out Pin=D22-2
Added Pin To Net: NetName=GND_out Pin=R22-1
Added Pin To Net: NetName=GND_out Pin=R25-1
Added Pin To Net: NetName=GND_out Pin=R26-2
Added Pin To Net: NetName=GND_out Pin=R28-2
Added Pin To Net: NetName=GND_out Pin=R210-1
Added Pin To Net: NetName=GND_out Pin=U21-2
Added Pin To Net: NetName=GND_out Pin=IC21-2
Added Pin To Net: NetName=GND_out Pin=IC22-2
Added Net: Name=GND_out
Added Pin To Net: NetName=GND Pin=C11-2
Added Pin To Net: NetName=GND Pin=C12-2
Added Pin To Net: NetName=GND Pin=C13-2
Added Pin To Net: NetName=GND Pin=C15-2
Added Pin To Net: NetName=GND Pin=C16-2
Added Pin To Net: NetName=GND Pin=C17-2
Added Pin To Net: NetName=GND Pin=C18-2
Added Pin To Net: NetName=GND Pin=C19-2
Added Pin To Net: NetName=GND Pin=C110-2
Added Pin To Net: NetName=GND Pin=C111-2
Added Pin To Net: NetName=GND Pin=C112-2
Added Pin To Net: NetName=GND Pin=C113-2
Added Pin To Net: NetName=GND Pin=C114-2
Added Pin To Net: NetName=GND Pin=C115-2
Added Pin To Net: NetName=GND Pin=C116-2
Added Pin To Net: NetName=GND Pin=C117-2
Added Pin To Net: NetName=GND Pin=R12-2
Added Pin To Net: NetName=GND Pin=R16-2
Added Pin To Net: NetName=GND Pin=TR?-1
Added Pin To Net: NetName=GND Pin=IC1-16
Added Pin To Net: NetName=GND Pin=IC1-15
Added Pin To Net: NetName=GND Pin=IC1-20
Added Pin To Net: NetName=GND Pin=IC1-21
Added Net: Name=GND
Added Pin To Net: NetName=Input Pin=TR?-5
Added Pin To Net: NetName=Input Pin=TR?-6
Added Pin To Net: NetName=Input Pin=TR?-7
Added Pin To Net: NetName=Input Pin=IC1-1
Added Pin To Net: NetName=Input Pin=IC1-2
Added Pin To Net: NetName=Input Pin=IC1-3
Added Net: Name=Input
Added Pin To Net: NetName=Iout_Error Pin=D21-2
Added Pin To Net: NetName=Iout_Error Pin=IC21-1
Added Net: Name=Iout_Error
Added Pin To Net: NetName=Iout_sns Pin=C22-1
Added Pin To Net: NetName=Iout_sns Pin=R21-1
Added Pin To Net: NetName=Iout_sns Pin=R210-2
Added Pin To Net: NetName=Iout_sns Pin=U21-1
Added Net: Name=Iout_sns
Added Pin To Net: NetName=NetC11_1 Pin=C11-1
Added Pin To Net: NetName=NetC11_1 Pin=R11-2
Added Net: Name=NetC11_1
Added Pin To Net: NetName=NetC12_1 Pin=C12-1
Added Pin To Net: NetName=NetC12_1 Pin=IC1-8
Added Pin To Net: NetName=NetC12_1 Pin=IC1-17
Added Net: Name=NetC12_1
Added Pin To Net: NetName=NetC13_1 Pin=C13-1
Added Pin To Net: NetName=NetC13_1 Pin=D11-1
Added Pin To Net: NetName=NetC13_1 Pin=IC1-9
Added Net: Name=NetC13_1
Added Pin To Net: NetName=NetC14_2 Pin=C14-2
Added Pin To Net: NetName=NetC14_2 Pin=R14-2
Added Net: Name=NetC14_2
Added Pin To Net: NetName=NetC21_1 Pin=C21-1
Added Pin To Net: NetName=NetC21_1 Pin=D22-1
Added Pin To Net: NetName=NetC21_1 Pin=Q21-2
Added Pin To Net: NetName=NetC21_1 Pin=R24-1
Added Pin To Net: NetName=NetC21_1 Pin=R25-2
Added Net: Name=NetC21_1
Added Pin To Net: NetName=NetD21_1 Pin=D21-1
Added Pin To Net: NetName=NetD21_1 Pin=R24-2
Added Net: Name=NetD21_1
Added Pin To Net: NetName=NetD_out_1 Pin=D_out-1
Added Pin To Net: NetName=NetD_out_1 Pin=D_out-2
Added Pin To Net: NetName=NetD_out_1 Pin=TR?-14
Added Pin To Net: NetName=NetD_out_1 Pin=TR?-13
Added Pin To Net: NetName=NetD_out_1 Pin=TR?-12
Added Pin To Net: NetName=NetD_out_1 Pin=TR?-11
Added Net: Name=NetD_out_1
Added Pin To Net: NetName=NetIC1_4,5,6,7 Pin=IC1-4
Added Pin To Net: NetName=NetIC1_4,5,6,7 Pin=IC1-5
Added Pin To Net: NetName=NetIC1_4,5,6,7 Pin=IC1-6
Added Pin To Net: NetName=NetIC1_4,5,6,7 Pin=IC1-7
Added Net: Name=NetIC1_4,5,6,7
Added Pin To Net: NetName=NetNMOS1_1 Pin=NMOS1-1
Added Pin To Net: NetName=NetNMOS1_1 Pin=IC1-19
Added Net: Name=NetNMOS1_1
Added Pin To Net: NetName=NetNMOS1_3 Pin=NMOS1-3
Added Pin To Net: NetName=NetNMOS1_3 Pin=Rsens-1
Added Net: Name=NetNMOS1_3
Added Pin To Net: NetName=NetNMOS1_4 Pin=NMOS1-4
Added Pin To Net: NetName=NetNMOS1_4 Pin=TR?-3
Added Pin To Net: NetName=NetNMOS1_4 Pin=TR?-4
Added Net: Name=NetNMOS1_4
Added Pin To Net: NetName=NetQ21_1 Pin=Q21-1
Added Pin To Net: NetName=NetQ21_1 Pin=R26-1
Added Pin To Net: NetName=NetQ21_1 Pin=R27-2
Added Net: Name=NetQ21_1
Added Pin To Net: NetName=NetQ21_5 Pin=Q21-5
Added Pin To Net: NetName=NetQ21_5 Pin=R27-1
Added Net: Name=NetQ21_5
Added Pin To Net: NetName=NetR11_1 Pin=R11-1
Added Pin To Net: NetName=NetR11_1 Pin=IC1-13
Added Net: Name=NetR11_1
Added Pin To Net: NetName=NetR12_1 Pin=R12-1
Added Pin To Net: NetName=NetR12_1 Pin=IC1-14
Added Net: Name=NetR12_1
Added Pin To Net: NetName=NetR13_1 Pin=R13-1
Added Pin To Net: NetName=NetR13_1 Pin=R15-1
Added Pin To Net: NetName=NetR13_1 Pin=R16-1
Added Pin To Net: NetName=NetR13_1 Pin=IC1-12
Added Net: Name=NetR13_1
Added Pin To Net: NetName=NetR13_2 Pin=R13-2
Added Pin To Net: NetName=NetR13_2 Pin=IC1-11
Added Net: Name=NetR13_2
Added Pin To Net: NetName=NetR14_1 Pin=R14-1
Added Pin To Net: NetName=NetR14_1 Pin=IC1-10
Added Net: Name=NetR14_1
Added Pin To Net: NetName=NetR21_2 Pin=R21-2
Added Pin To Net: NetName=NetR21_2 Pin=R22-2
Added Pin To Net: NetName=NetR21_2 Pin=IC21-3
Added Net: Name=NetR21_2
Added Pin To Net: NetName=NetR29_1 Pin=R29-1
Added Pin To Net: NetName=NetR29_1 Pin=U21-3
Added Net: Name=NetR29_1
Added Pin To Net: NetName=NetRsens_2 Pin=Rsens-2
Added Pin To Net: NetName=NetRsens_2 Pin=IC1-18
Added Net: Name=NetRsens_2
Added Pin To Net: NetName=NetTR?_10,9,8 Pin=TR?-10
Added Pin To Net: NetName=NetTR?_10,9,8 Pin=TR?-9
Added Pin To Net: NetName=NetTR?_10,9,8 Pin=TR?-8
Added Net: Name=NetTR?_10,9,8
Added Pin To Net: NetName=opto Pin=Q21-4
Added Pin To Net: NetName=opto Pin=R28-1
Added Net: Name=opto
Added Pin To Net: NetName=Out+ Pin=C15-1
Added Pin To Net: NetName=Out+ Pin=C16-1
Added Pin To Net: NetName=Out+ Pin=C17-1
Added Pin To Net: NetName=Out+ Pin=C18-1
Added Pin To Net: NetName=Out+ Pin=C19-1
Added Pin To Net: NetName=Out+ Pin=C110-1
Added Pin To Net: NetName=Out+ Pin=C111-1
Added Pin To Net: NetName=Out+ Pin=C112-1
Added Pin To Net: NetName=Out+ Pin=C113-1
Added Pin To Net: NetName=Out+ Pin=C114-1
Added Pin To Net: NetName=Out+ Pin=C115-1
Added Pin To Net: NetName=Out+ Pin=C116-1
Added Pin To Net: NetName=Out+ Pin=C117-1
Added Pin To Net: NetName=Out+ Pin=D_out-3
Added Pin To Net: NetName=Out+ Pin=R29-2
Added Pin To Net: NetName=Out+ Pin=Rsens2-1
Added Pin To Net: NetName=Out+ Pin=U21-5
Added Net: Name=Out+
Added Pin To Net: NetName=Sense+ Pin=C14-1
Added Pin To Net: NetName=Sense+ Pin=D11-2
Added Pin To Net: NetName=Sense+ Pin=R15-2
Added Pin To Net: NetName=Sense+ Pin=TR?-2
Added Net: Name=Sense+
Added Pin To Net: NetName=Vout Pin=Rsens2-2
Added Pin To Net: NetName=Vout Pin=U21-4
Added Net: Name=Vout
Added Class: Name=Control
Added Class: Name=Power
Added Room: Name=Control
Added Room: Name=Power
