Added Component: Designator=J1(HDRV3W50P0X200_1X3_600X197X550P)
Add component (AddParameter): Name = "Arrow Part Number"; Value = "TMM-103-03-G-S"; VariantName = "[No Variations]"
Add component (AddParameter): Name = "Arrow Price/Stock"; Value = "https://www.arrow.com/en/products/tmm-103-03-g-s/samtec"; VariantName = "[No Variations]"
Add component (AddParameter): Name = "Datasheet Link"; Value = "https://www.arrow.com/en/products/tmm-103-03-g-s/samtec"; VariantName = "[No Variations]"
Add component (AddParameter): Name = "Height"; Value = "5.5mm"; VariantName = "[No Variations]"
Add component (AddParameter): Name = "Manufacturer_Name"; Value = "SAMTEC"; VariantName = "[No Variations]"
Add component (AddParameter): Name = "Manufacturer_Part_Number"; Value = "TMM-103-03-G-S"; VariantName = "[No Variations]"
Add component (AddParameter): Name = "Mouser Part Number"; Value = "200-TMM10303GS"; VariantName = "[No Variations]"
Add component (AddParameter): Name = "Mouser Price/Stock"; Value = "https://www.mouser.co.uk/ProductDetail/Samtec/TMM-103-03-G-S?qs=fnpEE5GccuM0dk34m8SAnQ%3D%3D"; VariantName = "[No Variations]"
Added Component: Designator=J2(HDRV3W50P0X200_1X3_600X197X550P)
Add component (AddParameter): Name = "Arrow Part Number"; Value = "TMM-103-03-G-S"; VariantName = "[No Variations]"
Add component (AddParameter): Name = "Arrow Price/Stock"; Value = "https://www.arrow.com/en/products/tmm-103-03-g-s/samtec"; VariantName = "[No Variations]"
Add component (AddParameter): Name = "Datasheet Link"; Value = "https://www.arrow.com/en/products/tmm-103-03-g-s/samtec"; VariantName = "[No Variations]"
Add component (AddParameter): Name = "Height"; Value = "5.5mm"; VariantName = "[No Variations]"
Add component (AddParameter): Name = "Manufacturer_Name"; Value = "SAMTEC"; VariantName = "[No Variations]"
Add component (AddParameter): Name = "Manufacturer_Part_Number"; Value = "TMM-103-03-G-S"; VariantName = "[No Variations]"
Add component (AddParameter): Name = "Mouser Part Number"; Value = "200-TMM10303GS"; VariantName = "[No Variations]"
Add component (AddParameter): Name = "Mouser Price/Stock"; Value = "https://www.mouser.co.uk/ProductDetail/Samtec/TMM-103-03-G-S?qs=fnpEE5GccuM0dk34m8SAnQ%3D%3D"; VariantName = "[No Variations]"
Added Component: Designator=J3(HDRV3W50P0X200_1X3_600X197X550P)
Add component (AddParameter): Name = "Arrow Part Number"; Value = "TMM-103-03-G-S"; VariantName = "[No Variations]"
Add component (AddParameter): Name = "Arrow Price/Stock"; Value = "https://www.arrow.com/en/products/tmm-103-03-g-s/samtec"; VariantName = "[No Variations]"
Add component (AddParameter): Name = "Datasheet Link"; Value = "https://www.arrow.com/en/products/tmm-103-03-g-s/samtec"; VariantName = "[No Variations]"
Add component (AddParameter): Name = "Height"; Value = "5.5mm"; VariantName = "[No Variations]"
Add component (AddParameter): Name = "Manufacturer_Name"; Value = "SAMTEC"; VariantName = "[No Variations]"
Add component (AddParameter): Name = "Manufacturer_Part_Number"; Value = "TMM-103-03-G-S"; VariantName = "[No Variations]"
Add component (AddParameter): Name = "Mouser Part Number"; Value = "200-TMM10303GS"; VariantName = "[No Variations]"
Add component (AddParameter): Name = "Mouser Price/Stock"; Value = "https://www.mouser.co.uk/ProductDetail/Samtec/TMM-103-03-G-S?qs=fnpEE5GccuM0dk34m8SAnQ%3D%3D"; VariantName = "[No Variations]"
Added Component: Designator=J4(HDRV3W50P0X200_1X3_600X197X550P)
Add component (AddParameter): Name = "Arrow Part Number"; Value = "TMM-103-03-G-S"; VariantName = "[No Variations]"
Add component (AddParameter): Name = "Arrow Price/Stock"; Value = "https://www.arrow.com/en/products/tmm-103-03-g-s/samtec"; VariantName = "[No Variations]"
Add component (AddParameter): Name = "Datasheet Link"; Value = "https://www.arrow.com/en/products/tmm-103-03-g-s/samtec"; VariantName = "[No Variations]"
Add component (AddParameter): Name = "Height"; Value = "5.5mm"; VariantName = "[No Variations]"
Add component (AddParameter): Name = "Manufacturer_Name"; Value = "SAMTEC"; VariantName = "[No Variations]"
Add component (AddParameter): Name = "Manufacturer_Part_Number"; Value = "TMM-103-03-G-S"; VariantName = "[No Variations]"
Add component (AddParameter): Name = "Mouser Part Number"; Value = "200-TMM10303GS"; VariantName = "[No Variations]"
Add component (AddParameter): Name = "Mouser Price/Stock"; Value = "https://www.mouser.co.uk/ProductDetail/Samtec/TMM-103-03-G-S?qs=fnpEE5GccuM0dk34m8SAnQ%3D%3D"; VariantName = "[No Variations]"
Added Pin To Net: NetName=GND Pin=J1-1
Added Pin To Net: NetName=GND Pin=J1-2
Added Pin To Net: NetName=GND Pin=J1-3
Added Pin To Net: NetName=Vout Pin=J3-1
Added Pin To Net: NetName=Vout Pin=J3-2
Added Pin To Net: NetName=Vout Pin=J3-3
Added Pin To Net: NetName=GND_out Pin=J4-1
Added Pin To Net: NetName=GND_out Pin=J4-2
Added Pin To Net: NetName=GND_out Pin=J4-3
Added Member To Class: ClassName=Power Member=Component J1 TMM-103-03-G-S
Added Member To Class: ClassName=Power Member=Component J2 TMM-103-03-G-S
Added Member To Class: ClassName=Power Member=Component J3 TMM-103-03-G-S
Added Member To Class: ClassName=Power Member=Component J4 TMM-103-03-G-S
Added Room: Name=Control
Added Room: Name=Power
